Traceback (most recent call last):
  File "/home/shima/projects/brain_decoding_tutorial_MAIN2021/venv/lib/python3.12/site-packages/jupyter_core/utils/__init__.py", line 154, in wrapped
    asyncio.get_running_loop()
RuntimeError: no running event loop

During handling of the above exception, another exception occurred:

Traceback (most recent call last):
  File "/home/shima/projects/brain_decoding_tutorial_MAIN2021/venv/lib/python3.12/site-packages/jupyter_cache/executors/utils.py", line 58, in single_nb_execution
    executenb(
  File "/home/shima/projects/brain_decoding_tutorial_MAIN2021/venv/lib/python3.12/site-packages/nbclient/client.py", line 1319, in execute
    return NotebookClient(nb=nb, resources=resources, km=km, **kwargs).execute()
           ^^^^^^^^^^^^^^^^^^^^^^^^^^^^^^^^^^^^^^^^^^^^^^^^^^^^^^^^^^^^^^^^^^^^^
  File "/home/shima/projects/brain_decoding_tutorial_MAIN2021/venv/lib/python3.12/site-packages/jupyter_core/utils/__init__.py", line 158, in wrapped
    return loop.run_until_complete(inner)
           ^^^^^^^^^^^^^^^^^^^^^^^^^^^^^^
  File "/usr/lib/python3.12/asyncio/base_events.py", line 691, in run_until_complete
    return future.result()
           ^^^^^^^^^^^^^^^
  File "/home/shima/projects/brain_decoding_tutorial_MAIN2021/venv/lib/python3.12/site-packages/nbclient/client.py", line 709, in async_execute
    await self.async_execute_cell(
  File "/home/shima/projects/brain_decoding_tutorial_MAIN2021/venv/lib/python3.12/site-packages/nbclient/client.py", line 1062, in async_execute_cell
    await self._check_raise_for_error(cell, cell_index, exec_reply)
  File "/home/shima/projects/brain_decoding_tutorial_MAIN2021/venv/lib/python3.12/site-packages/nbclient/client.py", line 918, in _check_raise_for_error
    raise CellExecutionError.from_cell_and_msg(cell, exec_reply_content)
nbclient.exceptions.CellExecutionError: An error occurred while executing the following cell:
------------------
import os
from nilearn import datasets
# We are fetching the data for subject 4
data_dir = os.path.join('..', 'data')
sub_no = 4
haxby_dataset = datasets.fetch_haxby(subjects=[sub_no], fetch_stimuli=True, data_dir=data_dir)
func_file = haxby_dataset.func[0]
------------------

----- stderr -----
/home/shima/projects/brain_decoding_tutorial_MAIN2021/venv/lib/python3.12/site-packages/nilearn/__init__.py:37: UserWarning: pkg_resources is deprecated as an API. See https://setuptools.pypa.io/en/latest/pkg_resources.html. The pkg_resources package is slated for removal as early as 2025-11-30. Refrain from using this package or pin to Setuptools<81.
  import pkg_resources
------------------

[31m---------------------------------------------------------------------------[39m
[31mValueError[39m                                Traceback (most recent call last)
[36mCell[39m[36m [39m[32mIn[1][39m[32m, line 2[39m
[32m      1[39m [38;5;28;01mimport[39;00m[38;5;250m [39m[34;01mos[39;00m
[32m----> [39m[32m2[39m [38;5;28;01mfrom[39;00m[38;5;250m [39m[34;01mnilearn[39;00m[38;5;250m [39m[38;5;28;01mimport[39;00m datasets
[32m      3[39m [38;5;66;03m# We are fetching the data for subject 4[39;00m
[32m      4[39m data_dir = os.path.join([33m'[39m[33m..[39m[33m'[39m, [33m'[39m[33mdata[39m[33m'[39m)

[36mFile [39m[32m~/projects/brain_decoding_tutorial_MAIN2021/venv/lib/python3.12/site-packages/nilearn/__init__.py:74[39m
[32m     70[39m     [38;5;28;01mif[39;00m nib_version < [33m'[39m[33m3.0[39m[33m'[39m:
[32m     71[39m         _nibabel2_deprecation_warning()
[32m---> [39m[32m74[39m [43m_check_module_dependencies[49m[43m([49m[43m)[49m
[32m     75[39m _nibabel_deprecation_warnings()
[32m     77[39m [38;5;66;03m# Temporary work around to address formatting issues in doc tests[39;00m
[32m     78[39m [38;5;66;03m# with NumPy 1.14. NumPy had made more consistent str/repr formatting[39;00m
[32m     79[39m [38;5;66;03m# of numpy arrays. Hence we print the options to old versions.[39;00m

[36mFile [39m[32m~/projects/brain_decoding_tutorial_MAIN2021/venv/lib/python3.12/site-packages/nilearn/version.py:124[39m, in [36m_check_module_dependencies[39m[34m(is_nilearn_installing)[39m
[32m    119[39m [38;5;28;01mfor[39;00m (module_name, module_metadata) [38;5;129;01min[39;00m REQUIRED_MODULE_METADATA:
[32m    120[39m     [38;5;28;01mif[39;00m [38;5;129;01mnot[39;00m (is_nilearn_installing [38;5;129;01mand[39;00m
[32m    121[39m             [38;5;129;01mnot[39;00m module_metadata[[33m'[39m[33mrequired_at_installation[39m[33m'[39m]):
[32m    122[39m         [38;5;66;03m# Skip check only when installing and it's a module that[39;00m
[32m    123[39m         [38;5;66;03m# will be auto-installed.[39;00m
[32m--> [39m[32m124[39m         [43m_import_module_with_version_check[49m[43m([49m
[32m    125[39m [43m            [49m[43mmodule_name[49m[43m=[49m[43mmodule_name[49m[43m,[49m
[32m    126[39m [43m            [49m[43mminimum_version[49m[43m=[49m[43mmodule_metadata[49m[43m[[49m[33;43m'[39;49m[33;43mmin_version[39;49m[33;43m'[39;49m[43m][49m[43m,[49m
[32m    127[39m [43m            [49m[43minstall_info[49m[43m=[49m[43mmodule_metadata[49m[43m.[49m[43mget[49m[43m([49m[33;43m'[39;49m[33;43minstall_info[39;49m[33;43m'[39;49m[43m)[49m[43m)[49m

[36mFile [39m[32m~/projects/brain_decoding_tutorial_MAIN2021/venv/lib/python3.12/site-packages/nilearn/version.py:73[39m, in [36m_import_module_with_version_check[39m[34m(module_name, minimum_version, install_info)[39m
[32m     70[39m [38;5;28;01mfrom[39;00m[38;5;250m [39m[34;01mdistutils[39;00m[34;01m.[39;00m[34;01mversion[39;00m[38;5;250m [39m[38;5;28;01mimport[39;00m LooseVersion
[32m     72[39m [38;5;28;01mtry[39;00m:
[32m---> [39m[32m73[39m     module = [38;5;28;43m__import__[39;49m[43m([49m[43mmodule_name[49m[43m)[49m
[32m     74[39m [38;5;28;01mexcept[39;00m [38;5;167;01mImportError[39;00m [38;5;28;01mas[39;00m exc:
[32m     75[39m     user_friendly_info = ([33m'[39m[33mModule [39m[33m"[39m[38;5;132;01m{0}[39;00m[33m"[39m[33m could not be found. [39m[38;5;132;01m{1}[39;00m[33m'[39m).format(
[32m     76[39m         module_name,
[32m     77[39m         install_info [38;5;129;01mor[39;00m [33m'[39m[33mPlease install it properly to use nilearn.[39m[33m'[39m)

[36mFile [39m[32m~/projects/brain_decoding_tutorial_MAIN2021/venv/lib/python3.12/site-packages/sklearn/__init__.py:73[39m
[32m     62[39m [38;5;66;03m# `_distributor_init` allows distributors to run custom init code.[39;00m
[32m     63[39m [38;5;66;03m# For instance, for the Windows wheel, this is used to pre-load the[39;00m
[32m     64[39m [38;5;66;03m# vcomp shared library runtime for OpenMP embedded in the sklearn/.libs[39;00m
[32m   (...)[39m[32m     67[39m [38;5;66;03m# later is linked to the OpenMP runtime to make it possible to introspect[39;00m
[32m     68[39m [38;5;66;03m# it and importing it first would fail if the OpenMP dll cannot be found.[39;00m
[32m     69[39m [38;5;28;01mfrom[39;00m[38;5;250m [39m[34;01m.[39;00m[38;5;250m [39m[38;5;28;01mimport[39;00m (  [38;5;66;03m# noqa: F401 E402[39;00m
[32m     70[39m     __check_build,
[32m     71[39m     _distributor_init,
[32m     72[39m )
[32m---> [39m[32m73[39m [38;5;28;01mfrom[39;00m[38;5;250m [39m[34;01m.[39;00m[34;01mbase[39;00m[38;5;250m [39m[38;5;28;01mimport[39;00m clone  [38;5;66;03m# noqa: E402[39;00m
[32m     74[39m [38;5;28;01mfrom[39;00m[38;5;250m [39m[34;01m.[39;00m[34;01mutils[39;00m[34;01m.[39;00m[34;01m_show_versions[39;00m[38;5;250m [39m[38;5;28;01mimport[39;00m show_versions  [38;5;66;03m# noqa: E402[39;00m
[32m     76[39m _submodules = [
[32m     77[39m     [33m"[39m[33mcalibration[39m[33m"[39m,
[32m     78[39m     [33m"[39m[33mcluster[39m[33m"[39m,
[32m   (...)[39m[32m    114[39m     [33m"[39m[33mcompose[39m[33m"[39m,
[32m    115[39m ]

[36mFile [39m[32m~/projects/brain_decoding_tutorial_MAIN2021/venv/lib/python3.12/site-packages/sklearn/base.py:19[39m
[32m     17[39m [38;5;28;01mfrom[39;00m[38;5;250m [39m[34;01m.[39;00m[34;01m_config[39;00m[38;5;250m [39m[38;5;28;01mimport[39;00m config_context, get_config
[32m     18[39m [38;5;28;01mfrom[39;00m[38;5;250m [39m[34;01m.[39;00m[34;01mexceptions[39;00m[38;5;250m [39m[38;5;28;01mimport[39;00m InconsistentVersionWarning
[32m---> [39m[32m19[39m [38;5;28;01mfrom[39;00m[38;5;250m [39m[34;01m.[39;00m[34;01mutils[39;00m[34;01m.[39;00m[34;01m_metadata_requests[39;00m[38;5;250m [39m[38;5;28;01mimport[39;00m _MetadataRequester, _routing_enabled
[32m     20[39m [38;5;28;01mfrom[39;00m[38;5;250m [39m[34;01m.[39;00m[34;01mutils[39;00m[34;01m.[39;00m[34;01m_missing[39;00m[38;5;250m [39m[38;5;28;01mimport[39;00m is_scalar_nan
[32m     21[39m [38;5;28;01mfrom[39;00m[38;5;250m [39m[34;01m.[39;00m[34;01mutils[39;00m[34;01m.[39;00m[34;01m_param_validation[39;00m[38;5;250m [39m[38;5;28;01mimport[39;00m validate_parameter_constraints

[36mFile [39m[32m~/projects/brain_decoding_tutorial_MAIN2021/venv/lib/python3.12/site-packages/sklearn/utils/__init__.py:9[39m
[32m      7[39m [38;5;28;01mfrom[39;00m[38;5;250m [39m[34;01m.[39;00m[38;5;250m [39m[38;5;28;01mimport[39;00m metadata_routing
[32m      8[39m [38;5;28;01mfrom[39;00m[38;5;250m [39m[34;01m.[39;00m[34;01m_bunch[39;00m[38;5;250m [39m[38;5;28;01mimport[39;00m Bunch
[32m----> [39m[32m9[39m [38;5;28;01mfrom[39;00m[38;5;250m [39m[34;01m.[39;00m[34;01m_chunking[39;00m[38;5;250m [39m[38;5;28;01mimport[39;00m gen_batches, gen_even_slices
[32m     11[39m [38;5;66;03m# Make _safe_indexing importable from here for backward compat as this particular[39;00m
[32m     12[39m [38;5;66;03m# helper is considered semi-private and typically very useful for third-party[39;00m
[32m     13[39m [38;5;66;03m# libraries that want to comply with scikit-learn's estimator API. In particular,[39;00m
[32m     14[39m [38;5;66;03m# _safe_indexing was included in our public API documentation despite the leading[39;00m
[32m     15[39m [38;5;66;03m# `_` in its name.[39;00m
[32m     16[39m [38;5;28;01mfrom[39;00m[38;5;250m [39m[34;01m.[39;00m[34;01m_indexing[39;00m[38;5;250m [39m[38;5;28;01mimport[39;00m (
[32m     17[39m     _safe_indexing,  [38;5;66;03m# noqa: F401[39;00m
[32m     18[39m     resample,
[32m     19[39m     shuffle,
[32m     20[39m )

[36mFile [39m[32m~/projects/brain_decoding_tutorial_MAIN2021/venv/lib/python3.12/site-packages/sklearn/utils/_chunking.py:11[39m
[32m      8[39m [38;5;28;01mimport[39;00m[38;5;250m [39m[34;01mnumpy[39;00m[38;5;250m [39m[38;5;28;01mas[39;00m[38;5;250m [39m[34;01mnp[39;00m
[32m     10[39m [38;5;28;01mfrom[39;00m[38;5;250m [39m[34;01m.[39;00m[34;01m.[39;00m[34;01m_config[39;00m[38;5;250m [39m[38;5;28;01mimport[39;00m get_config
[32m---> [39m[32m11[39m [38;5;28;01mfrom[39;00m[38;5;250m [39m[34;01m.[39;00m[34;01m_param_validation[39;00m[38;5;250m [39m[38;5;28;01mimport[39;00m Interval, validate_params
[32m     14[39m [38;5;28;01mdef[39;00m[38;5;250m [39m[34mchunk_generator[39m(gen, chunksize):
[32m     15[39m [38;5;250m    [39m[33;03m"""Chunk generator, ``gen`` into lists of length ``chunksize``. The last[39;00m
[32m     16[39m [33;03m    chunk may have a length less than ``chunksize``."""[39;00m

[36mFile [39m[32m~/projects/brain_decoding_tutorial_MAIN2021/venv/lib/python3.12/site-packages/sklearn/utils/_param_validation.py:17[39m
[32m     14[39m [38;5;28;01mfrom[39;00m[38;5;250m [39m[34;01mscipy[39;00m[34;01m.[39;00m[34;01msparse[39;00m[38;5;250m [39m[38;5;28;01mimport[39;00m csr_matrix, issparse
[32m     16[39m [38;5;28;01mfrom[39;00m[38;5;250m [39m[34;01m.[39;00m[34;01m.[39;00m[34;01m_config[39;00m[38;5;250m [39m[38;5;28;01mimport[39;00m config_context, get_config
[32m---> [39m[32m17[39m [38;5;28;01mfrom[39;00m[38;5;250m [39m[34;01m.[39;00m[34;01mvalidation[39;00m[38;5;250m [39m[38;5;28;01mimport[39;00m _is_arraylike_not_scalar
[32m     20[39m [38;5;28;01mclass[39;00m[38;5;250m [39m[34;01mInvalidParameterError[39;00m([38;5;167;01mValueError[39;00m, [38;5;167;01mTypeError[39;00m):
[32m     21[39m [38;5;250m    [39m[33;03m"""Custom exception to be raised when the parameter of a class/method/function[39;00m
[32m     22[39m [33;03m    does not have a valid type or value.[39;00m
[32m     23[39m [33;03m    """[39;00m

[36mFile [39m[32m~/projects/brain_decoding_tutorial_MAIN2021/venv/lib/python3.12/site-packages/sklearn/utils/validation.py:21[39m
[32m     19[39m [38;5;28;01mfrom[39;00m[38;5;250m [39m[34;01m.[39;00m[34;01m.[39;00m[38;5;250m [39m[38;5;28;01mimport[39;00m get_config [38;5;28;01mas[39;00m _get_config
[32m     20[39m [38;5;28;01mfrom[39;00m[38;5;250m [39m[34;01m.[39;00m[34;01m.[39;00m[34;01mexceptions[39;00m[38;5;250m [39m[38;5;28;01mimport[39;00m DataConversionWarning, NotFittedError, PositiveSpectrumWarning
[32m---> [39m[32m21[39m [38;5;28;01mfrom[39;00m[38;5;250m [39m[34;01m.[39;00m[34;01m.[39;00m[34;01mutils[39;00m[34;01m.[39;00m[34;01m_array_api[39;00m[38;5;250m [39m[38;5;28;01mimport[39;00m _asarray_with_order, _is_numpy_namespace, get_namespace
[32m     22[39m [38;5;28;01mfrom[39;00m[38;5;250m [39m[34;01m.[39;00m[34;01m.[39;00m[34;01mutils[39;00m[34;01m.[39;00m[34;01mdeprecation[39;00m[38;5;250m [39m[38;5;28;01mimport[39;00m _deprecate_force_all_finite
[32m     23[39m [38;5;28;01mfrom[39;00m[38;5;250m [39m[34;01m.[39;00m[34;01m.[39;00m[34;01mutils[39;00m[34;01m.[39;00m[34;01mfixes[39;00m[38;5;250m [39m[38;5;28;01mimport[39;00m ComplexWarning, _preserve_dia_indices_dtype

[36mFile [39m[32m~/projects/brain_decoding_tutorial_MAIN2021/venv/lib/python3.12/site-packages/sklearn/utils/_array_api.py:20[39m
[32m     18[39m [38;5;28;01mfrom[39;00m[38;5;250m [39m[34;01m.[39;00m[34;01m.[39;00m[34;01mexternals[39;00m[38;5;250m [39m[38;5;28;01mimport[39;00m array_api_extra [38;5;28;01mas[39;00m xpx
[32m     19[39m [38;5;28;01mfrom[39;00m[38;5;250m [39m[34;01m.[39;00m[34;01m.[39;00m[34;01mexternals[39;00m[34;01m.[39;00m[34;01marray_api_compat[39;00m[38;5;250m [39m[38;5;28;01mimport[39;00m numpy [38;5;28;01mas[39;00m np_compat
[32m---> [39m[32m20[39m [38;5;28;01mfrom[39;00m[38;5;250m [39m[34;01m.[39;00m[34;01mfixes[39;00m[38;5;250m [39m[38;5;28;01mimport[39;00m parse_version
[32m     22[39m [38;5;66;03m# TODO: complete __all__[39;00m
[32m     23[39m __all__ = [[33m"[39m[33mxpx[39m[33m"[39m]  [38;5;66;03m# we import xpx here just to re-export it, need this to appease ruff[39;00m

[36mFile [39m[32m~/projects/brain_decoding_tutorial_MAIN2021/venv/lib/python3.12/site-packages/sklearn/utils/fixes.py:20[39m
[32m     17[39m [38;5;28;01mfrom[39;00m[38;5;250m [39m[34;01mscipy[39;00m[38;5;250m [39m[38;5;28;01mimport[39;00m optimize
[32m     19[39m [38;5;28;01mtry[39;00m:
[32m---> [39m[32m20[39m     [38;5;28;01mimport[39;00m[38;5;250m [39m[34;01mpandas[39;00m[38;5;250m [39m[38;5;28;01mas[39;00m[38;5;250m [39m[34;01mpd[39;00m
[32m     21[39m [38;5;28;01mexcept[39;00m [38;5;167;01mImportError[39;00m:
[32m     22[39m     pd = [38;5;28;01mNone[39;00m

[36mFile [39m[32m~/projects/brain_decoding_tutorial_MAIN2021/venv/lib/python3.12/site-packages/pandas/__init__.py:22[39m
[32m     19[39m [38;5;28;01mdel[39;00m _hard_dependencies, _dependency, _missing_dependencies
[32m     21[39m [38;5;66;03m# numpy compat[39;00m
[32m---> [39m[32m22[39m [38;5;28;01mfrom[39;00m[38;5;250m [39m[34;01mpandas[39;00m[34;01m.[39;00m[34;01mcompat[39;00m[38;5;250m [39m[38;5;28;01mimport[39;00m is_numpy_dev [38;5;28;01mas[39;00m _is_numpy_dev  [38;5;66;03m# pyright: ignore # noqa:F401[39;00m
[32m     24[39m [38;5;28;01mtry[39;00m:
[32m     25[39m     [38;5;28;01mfrom[39;00m[38;5;250m [39m[34;01mpandas[39;00m[34;01m.[39;00m[34;01m_libs[39;00m[38;5;250m [39m[38;5;28;01mimport[39;00m hashtable [38;5;28;01mas[39;00m _hashtable, lib [38;5;28;01mas[39;00m _lib, tslib [38;5;28;01mas[39;00m _tslib

[36mFile [39m[32m~/projects/brain_decoding_tutorial_MAIN2021/venv/lib/python3.12/site-packages/pandas/compat/__init__.py:18[39m
[32m     15[39m [38;5;28;01mfrom[39;00m[38;5;250m [39m[34;01mtyping[39;00m[38;5;250m [39m[38;5;28;01mimport[39;00m TYPE_CHECKING
[32m     17[39m [38;5;28;01mfrom[39;00m[38;5;250m [39m[34;01mpandas[39;00m[34;01m.[39;00m[34;01m_typing[39;00m[38;5;250m [39m[38;5;28;01mimport[39;00m F
[32m---> [39m[32m18[39m [38;5;28;01mfrom[39;00m[38;5;250m [39m[34;01mpandas[39;00m[34;01m.[39;00m[34;01mcompat[39;00m[34;01m.[39;00m[34;01mnumpy[39;00m[38;5;250m [39m[38;5;28;01mimport[39;00m (
[32m     19[39m     is_numpy_dev,
[32m     20[39m     np_version_under1p21,
[32m     21[39m )
[32m     22[39m [38;5;28;01mfrom[39;00m[38;5;250m [39m[34;01mpandas[39;00m[34;01m.[39;00m[34;01mcompat[39;00m[34;01m.[39;00m[34;01mpyarrow[39;00m[38;5;250m [39m[38;5;28;01mimport[39;00m (
[32m     23[39m     pa_version_under1p01,
[32m     24[39m     pa_version_under2p0,
[32m   (...)[39m[32m     31[39m     pa_version_under9p0,
[32m     32[39m )
[32m     34[39m [38;5;28;01mif[39;00m TYPE_CHECKING:

[36mFile [39m[32m~/projects/brain_decoding_tutorial_MAIN2021/venv/lib/python3.12/site-packages/pandas/compat/numpy/__init__.py:4[39m
[32m      1[39m [33;03m""" support numpy compatibility across versions """[39;00m
[32m      2[39m [38;5;28;01mimport[39;00m[38;5;250m [39m[34;01mnumpy[39;00m[38;5;250m [39m[38;5;28;01mas[39;00m[38;5;250m [39m[34;01mnp[39;00m
[32m----> [39m[32m4[39m [38;5;28;01mfrom[39;00m[38;5;250m [39m[34;01mpandas[39;00m[34;01m.[39;00m[34;01mutil[39;00m[34;01m.[39;00m[34;01mversion[39;00m[38;5;250m [39m[38;5;28;01mimport[39;00m Version
[32m      6[39m [38;5;66;03m# numpy versioning[39;00m
[32m      7[39m _np_version = np.__version__

[36mFile [39m[32m~/projects/brain_decoding_tutorial_MAIN2021/venv/lib/python3.12/site-packages/pandas/util/__init__.py:2[39m
[32m      1[39m [38;5;66;03m# pyright: reportUnusedImport = false[39;00m
[32m----> [39m[32m2[39m [38;5;28;01mfrom[39;00m[38;5;250m [39m[34;01mpandas[39;00m[34;01m.[39;00m[34;01mutil[39;00m[34;01m.[39;00m[34;01m_decorators[39;00m[38;5;250m [39m[38;5;28;01mimport[39;00m (  [38;5;66;03m# noqa:F401[39;00m
[32m      3[39m     Appender,
[32m      4[39m     Substitution,
[32m      5[39m     cache_readonly,
[32m      6[39m )
[32m      8[39m [38;5;28;01mfrom[39;00m[38;5;250m [39m[34;01mpandas[39;00m[34;01m.[39;00m[34;01mcore[39;00m[34;01m.[39;00m[34;01mutil[39;00m[34;01m.[39;00m[34;01mhashing[39;00m[38;5;250m [39m[38;5;28;01mimport[39;00m (  [38;5;66;03m# noqa:F401[39;00m
[32m      9[39m     hash_array,
[32m     10[39m     hash_pandas_object,
[32m     11[39m )
[32m     14[39m [38;5;28;01mdef[39;00m[38;5;250m [39m[34m__getattr__[39m(name):

[36mFile [39m[32m~/projects/brain_decoding_tutorial_MAIN2021/venv/lib/python3.12/site-packages/pandas/util/_decorators.py:14[39m
[32m      6[39m [38;5;28;01mfrom[39;00m[38;5;250m [39m[34;01mtyping[39;00m[38;5;250m [39m[38;5;28;01mimport[39;00m (
[32m      7[39m     Any,
[32m      8[39m     Callable,
[32m      9[39m     Mapping,
[32m     10[39m     cast,
[32m     11[39m )
[32m     12[39m [38;5;28;01mimport[39;00m[38;5;250m [39m[34;01mwarnings[39;00m
[32m---> [39m[32m14[39m [38;5;28;01mfrom[39;00m[38;5;250m [39m[34;01mpandas[39;00m[34;01m.[39;00m[34;01m_libs[39;00m[34;01m.[39;00m[34;01mproperties[39;00m[38;5;250m [39m[38;5;28;01mimport[39;00m cache_readonly
[32m     15[39m [38;5;28;01mfrom[39;00m[38;5;250m [39m[34;01mpandas[39;00m[34;01m.[39;00m[34;01m_typing[39;00m[38;5;250m [39m[38;5;28;01mimport[39;00m (
[32m     16[39m     F,
[32m     17[39m     T,
[32m     18[39m )
[32m     19[39m [38;5;28;01mfrom[39;00m[38;5;250m [39m[34;01mpandas[39;00m[34;01m.[39;00m[34;01mutil[39;00m[34;01m.[39;00m[34;01m_exceptions[39;00m[38;5;250m [39m[38;5;28;01mimport[39;00m find_stack_level

[36mFile [39m[32m~/projects/brain_decoding_tutorial_MAIN2021/venv/lib/python3.12/site-packages/pandas/_libs/__init__.py:13[39m
[32m      1[39m __all__ = [
[32m      2[39m     [33m"[39m[33mNaT[39m[33m"[39m,
[32m      3[39m     [33m"[39m[33mNaTType[39m[33m"[39m,
[32m   (...)[39m[32m      9[39m     [33m"[39m[33mInterval[39m[33m"[39m,
[32m     10[39m ]
[32m---> [39m[32m13[39m [38;5;28;01mfrom[39;00m[38;5;250m [39m[34;01mpandas[39;00m[34;01m.[39;00m[34;01m_libs[39;00m[34;01m.[39;00m[34;01minterval[39;00m[38;5;250m [39m[38;5;28;01mimport[39;00m Interval
[32m     14[39m [38;5;28;01mfrom[39;00m[38;5;250m [39m[34;01mpandas[39;00m[34;01m.[39;00m[34;01m_libs[39;00m[34;01m.[39;00m[34;01mtslibs[39;00m[38;5;250m [39m[38;5;28;01mimport[39;00m (
[32m     15[39m     NaT,
[32m     16[39m     NaTType,
[32m   (...)[39m[32m     21[39m     iNaT,
[32m     22[39m )

[36mFile [39m[32m~/projects/brain_decoding_tutorial_MAIN2021/venv/lib/python3.12/site-packages/pandas/_libs/interval.pyx:1[39m, in [36minit pandas._libs.interval[39m[34m()[39m

[31mValueError[39m: numpy.dtype size changed, may indicate binary incompatibility. Expected 96 from C header, got 88 from PyObject

